<?xml version="1.0" encoding="UTF-8"?>
<TestRun id="7e1abc0c-fa94-453c-bc93-d6bf1deceede" name="cfif@CFIF74 2016-11-28 20:31:27" runUser="CFIF74\cfif" xmlns="http://microsoft.com/schemas/VisualStudio/TeamTest/2010">
  <Times creation="2016-11-28T20:31:27.2041339+05:00" queuing="2016-11-28T20:31:27.2041339+05:00" start="2016-11-28T20:31:26.8999848+05:00" finish="2016-11-28T20:31:27.2662911+05:00" />
  <TestSettings name="default" id="16b4468d-84c5-494d-887e-3df9df39c4ff">
    <Execution>
      <TestTypeSpecific />
    </Execution>
    <Deployment runDeploymentRoot="cfif_CFIF74 2016-11-28 20_31_27" />
    <Properties />
  </TestSettings>
  <Results>
    <UnitTestResult executionId="0c909baf-d3f3-4aff-8e07-bf60b9387aec" testId="2738f547-5381-2c18-4a9c-0392a71cefed" testName="Test_Menu" computerName="CFIF74" duration="00:00:00.0241561" startTime="2016-11-28T20:31:26.8999848+05:00" endTime="2016-11-28T20:31:27.1115484+05:00" testType="13cdc9d9-ddb5-4fa4-a97d-d965ccfc6d4b" outcome="Passed" testListId="8c84fa94-04c1-424b-9868-57a2d4851a1d" relativeResultsDirectory="0c909baf-d3f3-4aff-8e07-bf60b9387aec" />
    <UnitTestResult executionId="af13f182-d198-4063-9e1d-be7e2a2649ff" testId="9026c1ca-f607-ad97-bcde-9b464a18e908" testName="Test_Min_Map" computerName="CFIF74" duration="00:00:00.0018538" startTime="2016-11-28T20:31:27.1205725+05:00" endTime="2016-11-28T20:31:27.1225769+05:00" testType="13cdc9d9-ddb5-4fa4-a97d-d965ccfc6d4b" outcome="Passed" testListId="8c84fa94-04c1-424b-9868-57a2d4851a1d" relativeResultsDirectory="af13f182-d198-4063-9e1d-be7e2a2649ff" />
    <UnitTestResult executionId="8c3aab48-8b49-497c-8b36-d5c43fc2264b" testId="f7c103ac-709d-3a3a-f6e9-2427b34e1d21" testName="Test_Heal_Point" computerName="CFIF74" duration="00:00:00.0018393" startTime="2016-11-28T20:31:27.1235809+05:00" endTime="2016-11-28T20:31:27.1248861+05:00" testType="13cdc9d9-ddb5-4fa4-a97d-d965ccfc6d4b" outcome="Passed" testListId="8c84fa94-04c1-424b-9868-57a2d4851a1d" relativeResultsDirectory="8c3aab48-8b49-497c-8b36-d5c43fc2264b" />
    <UnitTestResult executionId="5285aca1-7eee-41c0-b8cf-90e839b4f0c6" testId="316e2f08-edd7-fb44-f6c7-92ee52a3f903" testName="Test_Weapon" computerName="CFIF74" duration="00:00:00.0018321" startTime="2016-11-28T20:31:27.1248861+05:00" endTime="2016-11-28T20:31:27.1268901+05:00" testType="13cdc9d9-ddb5-4fa4-a97d-d965ccfc6d4b" outcome="Passed" testListId="8c84fa94-04c1-424b-9868-57a2d4851a1d" relativeResultsDirectory="5285aca1-7eee-41c0-b8cf-90e839b4f0c6" />
  </Results>
  <TestDefinitions>
    <UnitTest name="Test_Menu" storage="c:\users\cfif\documents\visual studio 2015\projects\net_lab_1\net_lab_1_test\bin\debug\net_lab_1_test.dll" id="2738f547-5381-2c18-4a9c-0392a71cefed">
      <Execution id="0c909baf-d3f3-4aff-8e07-bf60b9387aec" />
      <TestMethod codeBase="C:\Users\cfif\Documents\Visual Studio 2015\Projects\NET_lab_1\NET_lab_1_Test\bin\Debug\NET_lab_1_Test.dll" adapterTypeName="Microsoft.VisualStudio.TestTools.TestTypes.Unit.UnitTestAdapter" className="NET_lab_1_Test.Program_Test" name="Test_Menu" />
    </UnitTest>
    <UnitTest name="Test_Min_Map" storage="c:\users\cfif\documents\visual studio 2015\projects\net_lab_1\net_lab_1_test\bin\debug\net_lab_1_test.dll" id="9026c1ca-f607-ad97-bcde-9b464a18e908">
      <Execution id="af13f182-d198-4063-9e1d-be7e2a2649ff" />
      <TestMethod codeBase="C:\Users\cfif\Documents\Visual Studio 2015\Projects\NET_lab_1\NET_lab_1_Test\bin\Debug\NET_lab_1_Test.dll" adapterTypeName="Microsoft.VisualStudio.TestTools.TestTypes.Unit.UnitTestAdapter" className="NET_lab_1_Test.Program_Test" name="Test_Min_Map" />
    </UnitTest>
    <UnitTest name="Test_Heal_Point" storage="c:\users\cfif\documents\visual studio 2015\projects\net_lab_1\net_lab_1_test\bin\debug\net_lab_1_test.dll" id="f7c103ac-709d-3a3a-f6e9-2427b34e1d21">
      <Execution id="8c3aab48-8b49-497c-8b36-d5c43fc2264b" />
      <TestMethod codeBase="C:\Users\cfif\Documents\Visual Studio 2015\Projects\NET_lab_1\NET_lab_1_Test\bin\Debug\NET_lab_1_Test.dll" adapterTypeName="Microsoft.VisualStudio.TestTools.TestTypes.Unit.UnitTestAdapter" className="NET_lab_1_Test.Program_Test" name="Test_Heal_Point" />
    </UnitTest>
    <UnitTest name="Test_Weapon" storage="c:\users\cfif\documents\visual studio 2015\projects\net_lab_1\net_lab_1_test\bin\debug\net_lab_1_test.dll" id="316e2f08-edd7-fb44-f6c7-92ee52a3f903">
      <Execution id="5285aca1-7eee-41c0-b8cf-90e839b4f0c6" />
      <TestMethod codeBase="C:\Users\cfif\Documents\Visual Studio 2015\Projects\NET_lab_1\NET_lab_1_Test\bin\Debug\NET_lab_1_Test.dll" adapterTypeName="Microsoft.VisualStudio.TestTools.TestTypes.Unit.UnitTestAdapter" className="NET_lab_1_Test.Program_Test" name="Test_Weapon" />
    </UnitTest>
  </TestDefinitions>
  <TestEntries>
    <TestEntry testId="2738f547-5381-2c18-4a9c-0392a71cefed" executionId="0c909baf-d3f3-4aff-8e07-bf60b9387aec" testListId="8c84fa94-04c1-424b-9868-57a2d4851a1d" />
    <TestEntry testId="9026c1ca-f607-ad97-bcde-9b464a18e908" executionId="af13f182-d198-4063-9e1d-be7e2a2649ff" testListId="8c84fa94-04c1-424b-9868-57a2d4851a1d" />
    <TestEntry testId="f7c103ac-709d-3a3a-f6e9-2427b34e1d21" executionId="8c3aab48-8b49-497c-8b36-d5c43fc2264b" testListId="8c84fa94-04c1-424b-9868-57a2d4851a1d" />
    <TestEntry testId="316e2f08-edd7-fb44-f6c7-92ee52a3f903" executionId="5285aca1-7eee-41c0-b8cf-90e839b4f0c6" testListId="8c84fa94-04c1-424b-9868-57a2d4851a1d" />
  </TestEntries>
  <TestLists>
    <TestList name="Results Not in a List" id="8c84fa94-04c1-424b-9868-57a2d4851a1d" />
    <TestList name="All Loaded Results" id="19431567-8539-422a-85d7-44ee4e166bda" />
  </TestLists>
  <ResultSummary outcome="Completed">
    <Counters total="4" executed="4" passed="4" failed="0" error="0" timeout="0" aborted="0" inconclusive="0" passedButRunAborted="0" notRunnable="0" notExecuted="0" disconnected="0" warning="0" completed="0" inProgress="0" pending="0" />
  </ResultSummary>
</TestRun>