<?xml version="1.0" encoding="UTF-8"?>
<TestRun id="06343f8a-7f29-4c9e-9224-61db0291d7dd" name="cfif@CFIF74 2016-11-28 20:30:45" runUser="CFIF74\cfif" xmlns="http://microsoft.com/schemas/VisualStudio/TeamTest/2010">
  <Times creation="2016-11-28T20:30:45.8866762+05:00" queuing="2016-11-28T20:30:45.8866762+05:00" start="2016-11-28T20:30:45.6109812+05:00" finish="2016-11-28T20:30:45.9428260+05:00" />
  <TestSettings name="default" id="76554090-7f5f-4cd1-a7e1-e6f9fe65e8e9">
    <Execution>
      <TestTypeSpecific />
    </Execution>
    <Deployment runDeploymentRoot="cfif_CFIF74 2016-11-28 20_30_45" />
    <Properties />
  </TestSettings>
  <Results>
    <UnitTestResult executionId="1bdfc952-0c07-4768-8fac-54117ba3de79" testId="f7c103ac-709d-3a3a-f6e9-2427b34e1d21" testName="Test_Heal_Point" computerName="CFIF74" duration="00:00:00.0257659" startTime="2016-11-28T20:30:45.6109812+05:00" endTime="2016-11-28T20:30:45.8245092+05:00" testType="13cdc9d9-ddb5-4fa4-a97d-d965ccfc6d4b" outcome="Passed" testListId="8c84fa94-04c1-424b-9868-57a2d4851a1d" relativeResultsDirectory="1bdfc952-0c07-4768-8fac-54117ba3de79" />
  </Results>
  <TestDefinitions>
    <UnitTest name="Test_Heal_Point" storage="c:\users\cfif\documents\visual studio 2015\projects\net_lab_1\net_lab_1_test\bin\debug\net_lab_1_test.dll" id="f7c103ac-709d-3a3a-f6e9-2427b34e1d21">
      <Execution id="1bdfc952-0c07-4768-8fac-54117ba3de79" />
      <TestMethod codeBase="C:\Users\cfif\Documents\Visual Studio 2015\Projects\NET_lab_1\NET_lab_1_Test\bin\Debug\NET_lab_1_Test.dll" adapterTypeName="Microsoft.VisualStudio.TestTools.TestTypes.Unit.UnitTestAdapter" className="NET_lab_1_Test.Program_Test" name="Test_Heal_Point" />
    </UnitTest>
  </TestDefinitions>
  <TestEntries>
    <TestEntry testId="f7c103ac-709d-3a3a-f6e9-2427b34e1d21" executionId="1bdfc952-0c07-4768-8fac-54117ba3de79" testListId="8c84fa94-04c1-424b-9868-57a2d4851a1d" />
  </TestEntries>
  <TestLists>
    <TestList name="Results Not in a List" id="8c84fa94-04c1-424b-9868-57a2d4851a1d" />
    <TestList name="All Loaded Results" id="19431567-8539-422a-85d7-44ee4e166bda" />
  </TestLists>
  <ResultSummary outcome="Completed">
    <Counters total="1" executed="1" passed="1" failed="0" error="0" timeout="0" aborted="0" inconclusive="0" passedButRunAborted="0" notRunnable="0" notExecuted="0" disconnected="0" warning="0" completed="0" inProgress="0" pending="0" />
  </ResultSummary>
</TestRun>