<?xml version="1.0" encoding="UTF-8"?>
<TestRun id="4432ac27-9a75-4355-8fb9-781610fdfa85" name="cfif@CFIF74 2016-11-28 20:46:42" runUser="CFIF74\cfif" xmlns="http://microsoft.com/schemas/VisualStudio/TeamTest/2010">
  <Times creation="2016-11-28T20:46:42.8203398+05:00" queuing="2016-11-28T20:46:42.8203398+05:00" start="2016-11-28T20:46:42.5370816+05:00" finish="2016-11-28T20:46:42.8774918+05:00" />
  <TestSettings name="default" id="09ba4a9a-4f27-406c-ba2c-ffb85d68993a">
    <Execution>
      <TestTypeSpecific />
    </Execution>
    <Deployment runDeploymentRoot="cfif_CFIF74 2016-11-28 20_46_42" />
    <Properties />
  </TestSettings>
  <Results>
    <UnitTestResult executionId="e629a5d7-e38a-4265-80e5-e0d787384c56" testId="2738f547-5381-2c18-4a9c-0392a71cefed" testName="Test_Menu" computerName="CFIF74" duration="00:00:00.0250432" startTime="2016-11-28T20:46:42.5370816+05:00" endTime="2016-11-28T20:46:42.7501919+05:00" testType="13cdc9d9-ddb5-4fa4-a97d-d965ccfc6d4b" outcome="Passed" testListId="8c84fa94-04c1-424b-9868-57a2d4851a1d" relativeResultsDirectory="e629a5d7-e38a-4265-80e5-e0d787384c56" />
    <UnitTestResult executionId="478daa07-80e3-4f8b-b5e0-13501d302e21" testId="9026c1ca-f607-ad97-bcde-9b464a18e908" testName="Test_Min_Map" computerName="CFIF74" duration="00:00:00.0028078" startTime="2016-11-28T20:46:42.7591792+05:00" endTime="2016-11-28T20:46:42.7621860+05:00" testType="13cdc9d9-ddb5-4fa4-a97d-d965ccfc6d4b" outcome="Passed" testListId="8c84fa94-04c1-424b-9868-57a2d4851a1d" relativeResultsDirectory="478daa07-80e3-4f8b-b5e0-13501d302e21" />
    <UnitTestResult executionId="a3e3d3f8-43e4-410f-a847-5541f4b9ee8a" testId="f7c103ac-709d-3a3a-f6e9-2427b34e1d21" testName="Test_Heal_Point" computerName="CFIF74" duration="00:00:00.0019127" startTime="2016-11-28T20:46:42.7631878+05:00" endTime="2016-11-28T20:46:42.7652328+05:00" testType="13cdc9d9-ddb5-4fa4-a97d-d965ccfc6d4b" outcome="Passed" testListId="8c84fa94-04c1-424b-9868-57a2d4851a1d" relativeResultsDirectory="a3e3d3f8-43e4-410f-a847-5541f4b9ee8a" />
    <UnitTestResult executionId="e73186df-69a4-4330-832d-289f5fd6d1d5" testId="316e2f08-edd7-fb44-f6c7-92ee52a3f903" testName="Test_Weapon" computerName="CFIF74" duration="00:00:00.0011255" startTime="2016-11-28T20:46:42.7652328+05:00" endTime="2016-11-28T20:46:42.7661970+05:00" testType="13cdc9d9-ddb5-4fa4-a97d-d965ccfc6d4b" outcome="Passed" testListId="8c84fa94-04c1-424b-9868-57a2d4851a1d" relativeResultsDirectory="e73186df-69a4-4330-832d-289f5fd6d1d5" />
  </Results>
  <TestDefinitions>
    <UnitTest name="Test_Menu" storage="c:\users\cfif\documents\visual studio 2015\projects\net_lab_1\net_lab_1_test\bin\debug\net_lab_1_test.dll" id="2738f547-5381-2c18-4a9c-0392a71cefed">
      <Execution id="e629a5d7-e38a-4265-80e5-e0d787384c56" />
      <TestMethod codeBase="C:\Users\cfif\Documents\Visual Studio 2015\Projects\NET_lab_1\NET_lab_1_Test\bin\Debug\NET_lab_1_Test.dll" adapterTypeName="Microsoft.VisualStudio.TestTools.TestTypes.Unit.UnitTestAdapter" className="NET_lab_1_Test.Program_Test" name="Test_Menu" />
    </UnitTest>
    <UnitTest name="Test_Min_Map" storage="c:\users\cfif\documents\visual studio 2015\projects\net_lab_1\net_lab_1_test\bin\debug\net_lab_1_test.dll" id="9026c1ca-f607-ad97-bcde-9b464a18e908">
      <Execution id="478daa07-80e3-4f8b-b5e0-13501d302e21" />
      <TestMethod codeBase="C:\Users\cfif\Documents\Visual Studio 2015\Projects\NET_lab_1\NET_lab_1_Test\bin\Debug\NET_lab_1_Test.dll" adapterTypeName="Microsoft.VisualStudio.TestTools.TestTypes.Unit.UnitTestAdapter" className="NET_lab_1_Test.Program_Test" name="Test_Min_Map" />
    </UnitTest>
    <UnitTest name="Test_Heal_Point" storage="c:\users\cfif\documents\visual studio 2015\projects\net_lab_1\net_lab_1_test\bin\debug\net_lab_1_test.dll" id="f7c103ac-709d-3a3a-f6e9-2427b34e1d21">
      <Execution id="a3e3d3f8-43e4-410f-a847-5541f4b9ee8a" />
      <TestMethod codeBase="C:\Users\cfif\Documents\Visual Studio 2015\Projects\NET_lab_1\NET_lab_1_Test\bin\Debug\NET_lab_1_Test.dll" adapterTypeName="Microsoft.VisualStudio.TestTools.TestTypes.Unit.UnitTestAdapter" className="NET_lab_1_Test.Program_Test" name="Test_Heal_Point" />
    </UnitTest>
    <UnitTest name="Test_Weapon" storage="c:\users\cfif\documents\visual studio 2015\projects\net_lab_1\net_lab_1_test\bin\debug\net_lab_1_test.dll" id="316e2f08-edd7-fb44-f6c7-92ee52a3f903">
      <Execution id="e73186df-69a4-4330-832d-289f5fd6d1d5" />
      <TestMethod codeBase="C:\Users\cfif\Documents\Visual Studio 2015\Projects\NET_lab_1\NET_lab_1_Test\bin\Debug\NET_lab_1_Test.dll" adapterTypeName="Microsoft.VisualStudio.TestTools.TestTypes.Unit.UnitTestAdapter" className="NET_lab_1_Test.Program_Test" name="Test_Weapon" />
    </UnitTest>
  </TestDefinitions>
  <TestEntries>
    <TestEntry testId="2738f547-5381-2c18-4a9c-0392a71cefed" executionId="e629a5d7-e38a-4265-80e5-e0d787384c56" testListId="8c84fa94-04c1-424b-9868-57a2d4851a1d" />
    <TestEntry testId="9026c1ca-f607-ad97-bcde-9b464a18e908" executionId="478daa07-80e3-4f8b-b5e0-13501d302e21" testListId="8c84fa94-04c1-424b-9868-57a2d4851a1d" />
    <TestEntry testId="f7c103ac-709d-3a3a-f6e9-2427b34e1d21" executionId="a3e3d3f8-43e4-410f-a847-5541f4b9ee8a" testListId="8c84fa94-04c1-424b-9868-57a2d4851a1d" />
    <TestEntry testId="316e2f08-edd7-fb44-f6c7-92ee52a3f903" executionId="e73186df-69a4-4330-832d-289f5fd6d1d5" testListId="8c84fa94-04c1-424b-9868-57a2d4851a1d" />
  </TestEntries>
  <TestLists>
    <TestList name="Results Not in a List" id="8c84fa94-04c1-424b-9868-57a2d4851a1d" />
    <TestList name="All Loaded Results" id="19431567-8539-422a-85d7-44ee4e166bda" />
  </TestLists>
  <ResultSummary outcome="Completed">
    <Counters total="4" executed="4" passed="4" failed="0" error="0" timeout="0" aborted="0" inconclusive="0" passedButRunAborted="0" notRunnable="0" notExecuted="0" disconnected="0" warning="0" completed="0" inProgress="0" pending="0" />
  </ResultSummary>
</TestRun>